<?xml version="1.0" encoding="UTF-8"?>
<!-- Generated by org.testng.reporters.JUnitReportReporter -->
<testsuite ignored="0" hostname="GLB-242-PC" failures="0" tests="7" name="com.Framework.TestScript" time="0.040" errors="0" timestamp="24 Feb 2018 08:16:21 GMT" skipped="0">
  <testcase classname="com.Framework.TestScript" name="TestLogin" time="0.020"/>
  <testcase classname="com.Framework.TestScript" name="TestLogin" time="0.000"/>
  <testcase classname="com.Framework.TestScript" name="TestLogin" time="0.010"/>
  <testcase classname="com.Framework.TestScript" name="TestLogin" time="0.000"/>
  <testcase classname="com.Framework.TestScript" name="TestLogin" time="0.000"/>
  <testcase classname="com.Framework.TestScript" name="TestLogin" time="0.010"/>
  <testcase classname="com.Framework.TestScript" name="TestLogin" time="0.000"/>
</testsuite> <!-- com.Framework.TestScript -->
